[2020-03-03 09:37:57] local.ERROR: Array to string conversion {"exception":"[object] (ErrorException(code: 0): Array to string conversion at /Users/MunnaKhan/www/html/zcart/vendor/tanmuhittin/laravel-google-translate/src/Commands/TranslateFilesCommand.php:243)
[stacktrace]
#0 /Users/MunnaKhan/www/html/zcart/vendor/tanmuhittin/laravel-google-translate/src/Commands/TranslateFilesCommand.php(243): Illuminate\\Foundation\\Bootstrap\\HandleExceptions->handleError(8, 'Array to string...', '/Users/MunnaKha...', 243, Array)
#1 /Users/MunnaKhan/www/html/zcart/vendor/tanmuhittin/laravel-google-translate/src/Commands/TranslateFilesCommand.php(110): Tanmuhittin\\LaravelGoogleTranslate\\Commands\\TranslateFilesCommand->translate_php_array_files('ar')
#2 [internal function]: Tanmuhittin\\LaravelGoogleTranslate\\Commands\\TranslateFilesCommand->handle()
#3 /Users/MunnaKhan/www/html/zcart/vendor/laravel/framework/src/Illuminate/Container/BoundMethod.php(29): call_user_func_array(Array, Array)
#4 /Users/MunnaKhan/www/html/zcart/vendor/laravel/framework/src/Illuminate/Container/BoundMethod.php(87): Illuminate\\Container\\BoundMethod::Illuminate\\Container\\{closure}()
#5 /Users/MunnaKhan/www/html/zcart/vendor/laravel/framework/src/Illuminate/Container/BoundMethod.php(31): Illuminate\\Container\\BoundMethod::callBoundMethod(Object(Illuminate\\Foundation\\Application), Array, Object(Closure))
#6 /Users/MunnaKhan/www/html/zcart/vendor/laravel/framework/src/Illuminate/Container/Container.php(572): Illuminate\\Container\\BoundMethod::call(Object(Illuminate\\Foundation\\Application), Array, Array, NULL)
#7 /Users/MunnaKhan/www/html/zcart/vendor/laravel/framework/src/Illuminate/Console/Command.php(183): Illuminate\\Container\\Container->call(Array)
#8 /Users/MunnaKhan/www/html/zcart/vendor/symfony/console/Command/Command.php(255): Illuminate\\Console\\Command->execute(Object(Symfony\\Component\\Console\\Input\\ArgvInput), Object(Illuminate\\Console\\OutputStyle))
#9 /Users/MunnaKhan/www/html/zcart/vendor/laravel/framework/src/Illuminate/Console/Command.php(170): Symfony\\Component\\Console\\Command\\Command->run(Object(Symfony\\Component\\Console\\Input\\ArgvInput), Object(Illuminate\\Console\\OutputStyle))
#10 /Users/MunnaKhan/www/html/zcart/vendor/symfony/console/Application.php(1001): Illuminate\\Console\\Command->run(Object(Symfony\\Component\\Console\\Input\\ArgvInput), Object(Symfony\\Component\\Console\\Output\\ConsoleOutput))
#11 /Users/MunnaKhan/www/html/zcart/vendor/symfony/console/Application.php(271): Symfony\\Component\\Console\\Application->doRunCommand(Object(Tanmuhittin\\LaravelGoogleTranslate\\Commands\\TranslateFilesCommand), Object(Symfony\\Component\\Console\\Input\\ArgvInput), Object(Symfony\\Component\\Console\\Output\\ConsoleOutput))
#12 /Users/MunnaKhan/www/html/zcart/vendor/symfony/console/Application.php(147): Symfony\\Component\\Console\\Application->doRun(Object(Symfony\\Component\\Console\\Input\\ArgvInput), Object(Symfony\\Component\\Console\\Output\\ConsoleOutput))
#13 /Users/MunnaKhan/www/html/zcart/vendor/laravel/framework/src/Illuminate/Console/Application.php(89): Symfony\\Component\\Console\\Application->run(Object(Symfony\\Component\\Console\\Input\\ArgvInput), Object(Symfony\\Component\\Console\\Output\\ConsoleOutput))
#14 /Users/MunnaKhan/www/html/zcart/vendor/laravel/framework/src/Illuminate/Foundation/Console/Kernel.php(122): Illuminate\\Console\\Application->run(Object(Symfony\\Component\\Console\\Input\\ArgvInput), Object(Symfony\\Component\\Console\\Output\\ConsoleOutput))
#15 /Users/MunnaKhan/www/html/zcart/artisan(37): Illuminate\\Foundation\\Console\\Kernel->handle(Object(Symfony\\Component\\Console\\Input\\ArgvInput), Object(Symfony\\Component\\Console\\Output\\ConsoleOutput))
#16 {main}
"} 
